<?xml version="1.0" encoding="UTF-8"?>
<!-- Generated by org.testng.reporters.JUnitReportReporter -->
<testsuite skipped="0" hostname="DESKTOP-8KD9L34" name="com.Aone.testCases.TC_LoginTest_001" tests="1" failures="0" timestamp="26 May 2020 15:11:51 GMT" time="17.556" errors="0">
  <testcase name="loginTest" time="17.556" classname="com.Aone.testCases.TC_LoginTest_001"/>
</testsuite> <!-- com.Aone.testCases.TC_LoginTest_001 -->
