<?xml version="1.0" encoding="UTF-8"?>
<!-- Generated by org.testng.reporters.JUnitReportReporter -->
<testsuite skipped="0" hostname="DESKTOP-8KD9L34" name="com.Aone.testCases.TC_LoginTest_001" tests="1" failures="0" timestamp="09 Apr 2020 14:06:57 GMT" time="68.527" errors="0">
  <testcase name="loginTest" time="68.527" classname="com.Aone.testCases.TC_LoginTest_001"/>
</testsuite> <!-- com.Aone.testCases.TC_LoginTest_001 -->
