<?xml version="1.0" encoding="UTF-8"?>
<!-- Generated by org.testng.reporters.JUnitReportReporter -->
<testsuite skipped="0" hostname="DESKTOP-8KD9L34" name="com.Aone.testCases.TC_AddCustomerTest_003" tests="1" failures="0" timestamp="07 Apr 2020 11:06:09 GMT" time="14.016" errors="0">
  <testcase name="addCustomer" time="14.016" classname="com.Aone.testCases.TC_AddCustomerTest_003"/>
</testsuite> <!-- com.Aone.testCases.TC_AddCustomerTest_003 -->
