<?xml version="1.0" encoding="UTF-8"?>
<!-- Generated by org.testng.reporters.JUnitReportReporter -->
<testsuite skipped="0" hostname="DESKTOP-8KD9L34" name="com.Aone.testCases.TC_LoginTest_001" tests="1" failures="0" timestamp="07 Apr 2020 14:11:32 GMT" time="55.165" errors="0">
  <testcase name="loginTest" time="55.165" classname="com.Aone.testCases.TC_LoginTest_001"/>
</testsuite> <!-- com.Aone.testCases.TC_LoginTest_001 -->
